<?xml version="1.0" encoding="UTF-8"?>
<testsuite xmlns:xsi="http://www.w3.org/2001/XMLSchema-instance" xsi:noNamespaceSchemaLocation="https://maven.apache.org/surefire/maven-surefire-plugin/xsd/surefire-test-report-3.0.xsd" version="3.0" name="TestSuite" time="34.147" tests="4" errors="0" skipped="0" failures="0">
  <properties>
[...]
</properties>
  <testcase name="verifyInternalServerError" classname="apitest.TestLoginApi" time="1.495">
    <system-out><![CDATA[Body:
{
    "username": "invalid",
    "password": "123Password",
    "recaptchaToken": "coding_challenge"
}
Headers:		Accept=*/*
				Content-Type=application/json; charset=UTF-8
]]></system-out>
    <system-err><![CDATA[SLF4J: Failed to load class "org.slf4j.impl.StaticLoggerBinder".
SLF4J: Defaulting to no-operation (NOP) logger implementation
SLF4J: See http://www.slf4j.org/codes.html#StaticLoggerBinder for further details.
Starting ChromeDriver 91.0.4472.101 (af52a90bf87030dd1523486a1cd3ae25c5d76c9b-refs/branch-heads/4472@{#1462}) on port 17867
Only local connections are allowed.
Please see https://chromedriver.chromium.org/security-considerations for suggestions on keeping ChromeDriver safe.
ChromeDriver was started successfully.
Jun. 13, 2021 11:25:22 P.M. org.openqa.selenium.remote.ProtocolHandshake createSession
INFO: Detected dialect: W3C
Starting ChromeDriver 91.0.4472.101 (af52a90bf87030dd1523486a1cd3ae25c5d76c9b-refs/branch-heads/4472@{#1462}) on port 41131
Only local connections are allowed.
Please see https://chromedriver.chromium.org/security-considerations for suggestions on keeping ChromeDriver safe.
ChromeDriver was started successfully.
Jun. 13, 2021 11:25:27 P.M. org.openqa.selenium.remote.ProtocolHandshake createSession
INFO: Detected dialect: W3C
Jun. 13, 2021 11:25:30 P.M. ui.framework.Listeners onStart
INFO: ===========================================================================================
Jun. 13, 2021 11:25:30 P.M. ui.framework.Listeners onStart
INFO: Test got started ------> Users and GiftCards
Jun. 13, 2021 11:25:32 P.M. ui.pages.IncomePage enterIncomeDetails
INFO: Entering the income Details .........
Jun. 13, 2021 11:25:33 P.M. ui.pages.CredentialsPage fillCredentials
INFO: Filing the User Credentials
Jun. 13, 2021 11:25:33 P.M. ui.pages.CredentialsPage fillCredentials
INFO: Email for the User -----> candidate1623641133025@upgrade-challenge.com
Jun. 13, 2021 11:25:33 P.M. ui.pages.CredentialsPage fillCredentials
INFO: Entered Credentials and checked rate
Jun. 13, 2021 11:25:33 P.M. apitest.TestLoginApi createNewUser
INFO: User Name ----> candidate1623641133025@upgrade-challenge.com
Jun. 13, 2021 11:25:35 P.M. api.utilities.ValidationHelpers validateStatusCode
INFO: <======Response======>
Jun. 13, 2021 11:25:35 P.M. api.utilities.ValidationHelpers validateStatusCode
INFO: {
    "timestamp": "2021-06-14T03:25:34.954Z",
    "status": 500,
    "error": "Internal Server Error",
    "message": "",
    "path": "/api/brportorch/v2/login"
}
Jun. 13, 2021 11:25:35 P.M. ui.framework.Listeners onTestSuccess
INFO: Test Passed
Jun. 13, 2021 11:25:35 P.M. ui.framework.Listeners onTestSuccess
INFO: :-):-):-):-):-):-):-):-):-):-):-):-):-):-):-):-):-):-):-):-):-):-):-):-)
]]></system-err>
  </testcase>
  <testcase name="verifyUnauthorisedLogin" classname="apitest.TestLoginApi" time="1.142">
    <system-out><![CDATA[Body:
{
    "username": "invalid",
    "password": "123Password",
    "recaptchaToken": "coding_challenge"
}
Headers:		x-cf-source-id=coding-challenge
				x-cf-corr-id=bb24bb2a-c74e-11eb-b8bc-0242ac130003
				Accept=*/*
				Content-Type=application/json; charset=UTF-8
]]></system-out>
    <system-err><![CDATA[Jun. 13, 2021 11:25:36 P.M. api.utilities.ValidationHelpers validateStatusCode
INFO: <======Response======>
Jun. 13, 2021 11:25:36 P.M. api.utilities.ValidationHelpers validateStatusCode
INFO: {
    "code": 100039,
    "codeName": "INVALID_CREDENTIALS",
    "message": "We're sorry, the credentials you've provided are incorrect. Please try again",
    "retryable": false,
    "type": "NORMAL",
    "httpStatus": "UNAUTHORIZED"
}
Jun. 13, 2021 11:25:36 P.M. ui.framework.Listeners onTestSuccess
INFO: Test Passed
Jun. 13, 2021 11:25:36 P.M. ui.framework.Listeners onTestSuccess
INFO: :-):-):-):-):-):-):-):-):-):-):-):-):-):-):-):-):-):-):-):-):-):-):-):-)
]]></system-err>
  </testcase>
  <testcase name="verifyValidLoginTest" classname="apitest.TestLoginApi" time="0.873">
    <system-out><![CDATA[Body:
{
    "username": "candidate1623641133025@upgrade-challenge.com",
    "password": "123Password",
    "recaptchaToken": "coding_challenge"
}
Headers:		x-cf-source-id=coding-challenge
				x-cf-corr-id=bb24bb2a-c74e-11eb-b8bc-0242ac130003
				Accept=*/*
				Content-Type=application/json; charset=UTF-8
]]></system-out>
    <system-err><![CDATA[Jun. 13, 2021 11:25:37 P.M. api.utilities.ValidationHelpers validateStatusCode
INFO: <======Response======>
Jun. 13, 2021 11:25:37 P.M. api.utilities.ValidationHelpers validateStatusCode
INFO: {
    "firstName": "DIJciNZ",
    "userId": 10091243,
    "userUuid": "3519a942-84f1-45f9-85c8-acedff55ab9e",
    "authenticationLevel": "FULL",
    "actorIds": [
        
    ],
    "loanApplications": [
        {
            "id": 100974371,
            "uuid": "207fa89d-58d0-4e2e-b9e0-0b369da91ffa",
            "status": "NEW",
            "productType": "PERSONAL_LOAN",
            "sourceSystem": "BORROWER_FUNNEL_V2",
            "purpose": null,
            "createDate": "2021-06-14T03:25:35.262Z",
            "offerAmount": null,
            "initiator": "ACTOR"
        }
    ],
    "loansInReview": [
        
    ],
    "loanAccountSummaryAto": [
        
    ]
}
Jun. 13, 2021 11:25:37 P.M. ui.framework.Listeners onTestSuccess
INFO: Test Passed
Jun. 13, 2021 11:25:37 P.M. ui.framework.Listeners onTestSuccess
INFO: :-):-):-):-):-):-):-):-):-):-):-):-):-):-):-):-):-):-):-):-):-):-):-):-)
]]></system-err>
  </testcase>
  <testcase name="openBrowserTest" classname="uitest.OfferPageTest" time="16.257">
    <system-err><![CDATA[Jun. 13, 2021 11:25:38 P.M. ui.pages.IncomePage enterIncomeDetails
INFO: Entering the income Details .........
Jun. 13, 2021 11:25:39 P.M. ui.pages.CredentialsPage fillCredentials
INFO: Filing the User Credentials
Jun. 13, 2021 11:25:39 P.M. ui.pages.CredentialsPage fillCredentials
INFO: Email for the User -----> candidate1623641139461@upgrade-challenge.com
Jun. 13, 2021 11:25:40 P.M. ui.pages.CredentialsPage fillCredentials
INFO: Entered Credentials and checked rate
Jun. 13, 2021 11:25:53 P.M. ui.framework.Listeners onTestSuccess
INFO: Test Passed
Jun. 13, 2021 11:25:53 P.M. ui.framework.Listeners onTestSuccess
INFO: :-):-):-):-):-):-):-):-):-):-):-):-):-):-):-):-):-):-):-):-):-):-):-):-)
]]></system-err>
  </testcase>
</testsuite>