<?xml version="1.0" encoding="UTF-8"?>
<!-- Generated by org.testng.reporters.JUnitXMLReporter -->
<testsuite ignored="0" hostname="Alfins-MacBook-Pro.local" failures="0" tests="4" name="Users and GiftCards" time="22.9" errors="0" timestamp="2021-06-13T23:25:53 EDT">
  <testcase classname="apitest.TestLoginApi" name="verifyInternalServerError" time="1.493"/>
  <testcase classname="apitest.TestLoginApi" name="verifyUnauthorisedLogin" time="1.141"/>
  <testcase classname="apitest.TestLoginApi" name="verifyValidLoginTest" time="0.873"/>
  <testcase classname="uitest.OfferPageTest" name="openBrowserTest" time="16.256"/>
</testsuite> <!-- Users and GiftCards -->
